<?xml version="1.0" encoding="UTF-8"?>
<testsuite xmlns:xsi="http://www.w3.org/2001/XMLSchema-instance" xsi:noNamespaceSchemaLocation="https://maven.apache.org/surefire/maven-surefire-plugin/xsd/surefire-test-report.xsd" name="Examples" time="0.417" tests="3" errors="3" skipped="0" failures="0">
  <properties>
    <property name="java.specification.version" value="16"/>
    <property name="sun.cpu.isalist" value="amd64"/>
    <property name="sun.jnu.encoding" value="Cp1252"/>
    <property name="java.class.path" value="D:\Users\kalparna\eclipse-prod-development-workspace\cucumber-demo\target\test-classes;D:\Users\kalparna\eclipse-prod-development-workspace\cucumber-demo\target\classes;D:\Users\kalparna\.m2\repository\org\junit\jupiter\junit-jupiter\5.7.2\junit-jupiter-5.7.2.jar;D:\Users\kalparna\.m2\repository\org\junit\jupiter\junit-jupiter-api\5.7.2\junit-jupiter-api-5.7.2.jar;D:\Users\kalparna\.m2\repository\org\opentest4j\opentest4j\1.2.0\opentest4j-1.2.0.jar;D:\Users\kalparna\.m2\repository\org\junit\platform\junit-platform-commons\1.7.2\junit-platform-commons-1.7.2.jar;D:\Users\kalparna\.m2\repository\org\junit\jupiter\junit-jupiter-params\5.7.2\junit-jupiter-params-5.7.2.jar;D:\Users\kalparna\.m2\repository\org\junit\jupiter\junit-jupiter-engine\5.7.2\junit-jupiter-engine-5.7.2.jar;D:\Users\kalparna\.m2\repository\io\cucumber\cucumber-junit\6.10.4\cucumber-junit-6.10.4.jar;D:\Users\kalparna\.m2\repository\org\apiguardian\apiguardian-api\1.1.1\apiguardian-api-1.1.1.jar;D:\Users\kalparna\.m2\repository\io\cucumber\cucumber-core\6.10.4\cucumber-core-6.10.4.jar;D:\Users\kalparna\.m2\repository\io\cucumber\cucumber-gherkin\6.10.4\cucumber-gherkin-6.10.4.jar;D:\Users\kalparna\.m2\repository\io\cucumber\cucumber-gherkin-messages\6.10.4\cucumber-gherkin-messages-6.10.4.jar;D:\Users\kalparna\.m2\repository\io\cucumber\messages\15.0.0\messages-15.0.0.jar;D:\Users\kalparna\.m2\repository\io\cucumber\tag-expressions\3.0.1\tag-expressions-3.0.1.jar;D:\Users\kalparna\.m2\repository\io\cucumber\cucumber-expressions\10.3.0\cucumber-expressions-10.3.0.jar;D:\Users\kalparna\.m2\repository\io\cucumber\datatable\3.5.0\datatable-3.5.0.jar;D:\Users\kalparna\.m2\repository\io\cucumber\cucumber-plugin\6.10.4\cucumber-plugin-6.10.4.jar;D:\Users\kalparna\.m2\repository\io\cucumber\docstring\6.10.4\docstring-6.10.4.jar;D:\Users\kalparna\.m2\repository\io\cucumber\html-formatter\13.0.0\html-formatter-13.0.0.jar;D:\Users\kalparna\.m2\repository\io\cucumber\create-meta\4.0.0\create-meta-4.0.0.jar;D:\Users\kalparna\.m2\repository\junit\junit\4.13.2\junit-4.13.2.jar;D:\Users\kalparna\.m2\repository\org\hamcrest\hamcrest-core\1.3\hamcrest-core-1.3.jar;D:\Users\kalparna\.m2\repository\io\cucumber\cucumber-java\6.10.4\cucumber-java-6.10.4.jar;D:\Users\kalparna\.m2\repository\io\cucumber\cucumber-junit-platform-engine\6.10.4\cucumber-junit-platform-engine-6.10.4.jar;D:\Users\kalparna\.m2\repository\org\junit\platform\junit-platform-engine\1.7.1\junit-platform-engine-1.7.1.jar;"/>
    <property name="java.vm.vendor" value="Oracle Corporation"/>
    <property name="sun.arch.data.model" value="64"/>
    <property name="user.variant" value=""/>
    <property name="java.vendor.url" value="https://java.oracle.com/"/>
    <property name="user.timezone" value="Asia/Calcutta"/>
    <property name="os.name" value="Windows Server 2016"/>
    <property name="java.vm.specification.version" value="16"/>
    <property name="sun.java.launcher" value="SUN_STANDARD"/>
    <property name="user.country" value="US"/>
    <property name="sun.boot.library.path" value="D:\Users\kalparna\.p2\pool\plugins\org.eclipse.justj.openjdk.hotspot.jre.full.win32.x86_64_16.0.2.v20210721-1149\jre\bin"/>
    <property name="sun.java.command" value="D:\Users\kalparna\AppData\Local\Temp\1\surefire4989948836930742858\surefirebooter8432692190975932802.jar D:\Users\kalparna\AppData\Local\Temp\1\surefire4989948836930742858 2021-08-09T11-43-32_293-jvmRun1 surefire11854963103743831785tmp surefire_02070461328498591294tmp"/>
    <property name="jdk.debug" value="release"/>
    <property name="surefire.test.class.path" value="D:\Users\kalparna\eclipse-prod-development-workspace\cucumber-demo\target\test-classes;D:\Users\kalparna\eclipse-prod-development-workspace\cucumber-demo\target\classes;D:\Users\kalparna\.m2\repository\org\junit\jupiter\junit-jupiter\5.7.2\junit-jupiter-5.7.2.jar;D:\Users\kalparna\.m2\repository\org\junit\jupiter\junit-jupiter-api\5.7.2\junit-jupiter-api-5.7.2.jar;D:\Users\kalparna\.m2\repository\org\opentest4j\opentest4j\1.2.0\opentest4j-1.2.0.jar;D:\Users\kalparna\.m2\repository\org\junit\platform\junit-platform-commons\1.7.2\junit-platform-commons-1.7.2.jar;D:\Users\kalparna\.m2\repository\org\junit\jupiter\junit-jupiter-params\5.7.2\junit-jupiter-params-5.7.2.jar;D:\Users\kalparna\.m2\repository\org\junit\jupiter\junit-jupiter-engine\5.7.2\junit-jupiter-engine-5.7.2.jar;D:\Users\kalparna\.m2\repository\io\cucumber\cucumber-junit\6.10.4\cucumber-junit-6.10.4.jar;D:\Users\kalparna\.m2\repository\org\apiguardian\apiguardian-api\1.1.1\apiguardian-api-1.1.1.jar;D:\Users\kalparna\.m2\repository\io\cucumber\cucumber-core\6.10.4\cucumber-core-6.10.4.jar;D:\Users\kalparna\.m2\repository\io\cucumber\cucumber-gherkin\6.10.4\cucumber-gherkin-6.10.4.jar;D:\Users\kalparna\.m2\repository\io\cucumber\cucumber-gherkin-messages\6.10.4\cucumber-gherkin-messages-6.10.4.jar;D:\Users\kalparna\.m2\repository\io\cucumber\messages\15.0.0\messages-15.0.0.jar;D:\Users\kalparna\.m2\repository\io\cucumber\tag-expressions\3.0.1\tag-expressions-3.0.1.jar;D:\Users\kalparna\.m2\repository\io\cucumber\cucumber-expressions\10.3.0\cucumber-expressions-10.3.0.jar;D:\Users\kalparna\.m2\repository\io\cucumber\datatable\3.5.0\datatable-3.5.0.jar;D:\Users\kalparna\.m2\repository\io\cucumber\cucumber-plugin\6.10.4\cucumber-plugin-6.10.4.jar;D:\Users\kalparna\.m2\repository\io\cucumber\docstring\6.10.4\docstring-6.10.4.jar;D:\Users\kalparna\.m2\repository\io\cucumber\html-formatter\13.0.0\html-formatter-13.0.0.jar;D:\Users\kalparna\.m2\repository\io\cucumber\create-meta\4.0.0\create-meta-4.0.0.jar;D:\Users\kalparna\.m2\repository\junit\junit\4.13.2\junit-4.13.2.jar;D:\Users\kalparna\.m2\repository\org\hamcrest\hamcrest-core\1.3\hamcrest-core-1.3.jar;D:\Users\kalparna\.m2\repository\io\cucumber\cucumber-java\6.10.4\cucumber-java-6.10.4.jar;D:\Users\kalparna\.m2\repository\io\cucumber\cucumber-junit-platform-engine\6.10.4\cucumber-junit-platform-engine-6.10.4.jar;D:\Users\kalparna\.m2\repository\org\junit\platform\junit-platform-engine\1.7.1\junit-platform-engine-1.7.1.jar;"/>
    <property name="sun.cpu.endian" value="little"/>
    <property name="user.home" value="D:\Users\kalparna"/>
    <property name="user.language" value="en"/>
    <property name="java.specification.vendor" value="Oracle Corporation"/>
    <property name="java.version.date" value="2021-07-20"/>
    <property name="java.home" value="D:\Users\kalparna\.p2\pool\plugins\org.eclipse.justj.openjdk.hotspot.jre.full.win32.x86_64_16.0.2.v20210721-1149\jre"/>
    <property name="file.separator" value="\"/>
    <property name="basedir" value="D:\Users\kalparna\eclipse-prod-development-workspace\cucumber-demo"/>
    <property name="java.vm.compressedOopsMode" value="Zero based"/>
    <property name="line.separator" value="&#10;"/>
    <property name="java.vm.specification.vendor" value="Oracle Corporation"/>
    <property name="java.specification.name" value="Java Platform API Specification"/>
    <property name="surefire.real.class.path" value="D:\Users\kalparna\AppData\Local\Temp\1\surefire4989948836930742858\surefirebooter8432692190975932802.jar"/>
    <property name="user.script" value=""/>
    <property name="sun.management.compiler" value="HotSpot 64-Bit Tiered Compilers"/>
    <property name="java.runtime.version" value="16.0.2+7-67"/>
    <property name="user.name" value="kalparna"/>
    <property name="path.separator" value=";"/>
    <property name="os.version" value="10.0"/>
    <property name="java.runtime.name" value="OpenJDK Runtime Environment"/>
    <property name="file.encoding" value="Cp1252"/>
    <property name="java.vm.name" value="OpenJDK 64-Bit Server VM"/>
    <property name="localRepository" value="D:\Users\kalparna\.m2\repository"/>
    <property name="java.vendor.url.bug" value="https://bugreport.java.com/bugreport/"/>
    <property name="java.io.tmpdir" value="D:\Users\kalparna\AppData\Local\Temp\1\"/>
    <property name="java.version" value="16.0.2"/>
    <property name="user.dir" value="D:\Users\kalparna\eclipse-prod-development-workspace\cucumber-demo"/>
    <property name="os.arch" value="amd64"/>
    <property name="java.vm.specification.name" value="Java Virtual Machine Specification"/>
    <property name="sun.os.patch.level" value=""/>
    <property name="java.library.path" value="D:\Users\kalparna\.p2\pool\plugins\org.eclipse.justj.openjdk.hotspot.jre.full.win32.x86_64_16.0.2.v20210721-1149\jre\bin;C:\Windows\Sun\Java\bin;C:\Windows\system32;C:\Windows;D:/Users/kalparna/.p2/pool/plugins/org.eclipse.justj.openjdk.hotspot.jre.full.win32.x86_64_16.0.2.v20210721-1149/jre/bin/server;D:/Users/kalparna/.p2/pool/plugins/org.eclipse.justj.openjdk.hotspot.jre.full.win32.x86_64_16.0.2.v20210721-1149/jre/bin;C:\Program Files (x86)\Common Files\Oracle\Java\javapath;C:\Windows\system32;C:\Windows;C:\Windows\System32\Wbem;C:\Windows\System32\WindowsPowerShell\v1.0\;C:\Program Files\Amazon\cfn-bootstrap\;C:\Program Files\Git\cmd;C:\Program Files\nodejs\;D:\Users\kalparna\AppData\Roaming\npm;C:\Program Files\PuTTY\;D:\Users\kalparna\geckodriver-v0.29.1-win64;D:\Users\kalparna\AppData\Local\Microsoft\WindowsApps;;D:\Users\kalparna\AppData\Local\Programs\Microsoft VS Code\bin;D:\Users\kalparna\AppData\Roaming\npm;D:\Users\kalparna\Desktop;;."/>
    <property name="java.vm.info" value="mixed mode"/>
    <property name="java.vendor" value="Oracle Corporation"/>
    <property name="java.vm.version" value="16.0.2+7-67"/>
    <property name="sun.io.unicode.encoding" value="UnicodeLittle"/>
    <property name="java.class.version" value="60.0"/>
  </properties>
  <testcase name="Example #1" classname="Examples" time="0.345">
    <error message="The step &apos;today is &quot;Friday&quot;&apos; is undefined.&#10;You can implement this step using the snippet(s) below:&#10;&#10;@Given(&quot;today is {string}&quot;)&#10;public void today_is(String string) {&#10;    // Write code here that turns the phrase above into concrete actions&#10;    throw new io.cucumber.java.PendingException();&#10;}&#10;" type="io.cucumber.junit.platform.engine.UndefinedStepException">io.cucumber.junit.platform.engine.UndefinedStepException: 
The step 'today is "Friday"' is undefined.
You can implement this step using the snippet(s) below:

@Given("today is {string}")
public void today_is(String string) {
    // Write code here that turns the phrase above into concrete actions
    throw new io.cucumber.java.PendingException();
}

</error>
    <system-out><![CDATA[
Scenario Outline: Today is or is not Friday &amp#27;[90m# com/sapient/trg/is_it_friday_yet.feature:25&amp#27;[0m
  &amp#27;[33mGiven &amp#27;[0m&amp#27;[33mtoday is "Friday"&amp#27;[0m                   &amp#27;[90m# null&amp#27;[0m
  &amp#27;[36mWhen &amp#27;[0m&amp#27;[36mI ask whether it's Friday yet&amp#27;[0m        &amp#27;[90m# com.sapient.trg.StepDefinitions.i_ask_whether_it_s_Friday_yet()&amp#27;[0m
  &amp#27;[36mThen &amp#27;[0m&amp#27;[36mI should be told &amp#27;[0m&amp#27;[36m&amp#27;[1m"TGIF"&amp#27;[0m              &amp#27;[90m# com.sapient.trg.StepDefinitions.i_should_be_told(java.lang.String)&amp#27;[0m
]]></system-out>
  </testcase>
  <testcase name="Example #2" classname="Examples" time="0.017">
    <error message="The step &apos;today is &quot;Sunday&quot;&apos; is undefined.&#10;You can implement this step using the snippet(s) below:&#10;&#10;@Given(&quot;today is {string}&quot;)&#10;public void today_is(String string) {&#10;    // Write code here that turns the phrase above into concrete actions&#10;    throw new io.cucumber.java.PendingException();&#10;}&#10;" type="io.cucumber.junit.platform.engine.UndefinedStepException">io.cucumber.junit.platform.engine.UndefinedStepException: 
The step 'today is "Sunday"' is undefined.
You can implement this step using the snippet(s) below:

@Given("today is {string}")
public void today_is(String string) {
    // Write code here that turns the phrase above into concrete actions
    throw new io.cucumber.java.PendingException();
}

</error>
    <system-out><![CDATA[
Scenario Outline: Today is or is not Friday &amp#27;[90m# com/sapient/trg/is_it_friday_yet.feature:26&amp#27;[0m
  &amp#27;[33mGiven &amp#27;[0m&amp#27;[33mtoday is "Sunday"&amp#27;[0m                   &amp#27;[90m# null&amp#27;[0m
  &amp#27;[36mWhen &amp#27;[0m&amp#27;[36mI ask whether it's Friday yet&amp#27;[0m        &amp#27;[90m# com.sapient.trg.StepDefinitions.i_ask_whether_it_s_Friday_yet()&amp#27;[0m
  &amp#27;[36mThen &amp#27;[0m&amp#27;[36mI should be told &amp#27;[0m&amp#27;[36m&amp#27;[1m"Nope"&amp#27;[0m              &amp#27;[90m# com.sapient.trg.StepDefinitions.i_should_be_told(java.lang.String)&amp#27;[0m
]]></system-out>
  </testcase>
  <testcase name="Example #3" classname="Examples" time="0.012">
    <error message="The step &apos;today is &quot;anything else!&quot;&apos; is undefined.&#10;You can implement this step using the snippet(s) below:&#10;&#10;@Given(&quot;today is {string}&quot;)&#10;public void today_is(String string) {&#10;    // Write code here that turns the phrase above into concrete actions&#10;    throw new io.cucumber.java.PendingException();&#10;}&#10;" type="io.cucumber.junit.platform.engine.UndefinedStepException">io.cucumber.junit.platform.engine.UndefinedStepException: 
The step 'today is "anything else!"' is undefined.
You can implement this step using the snippet(s) below:

@Given("today is {string}")
public void today_is(String string) {
    // Write code here that turns the phrase above into concrete actions
    throw new io.cucumber.java.PendingException();
}

</error>
    <system-out><![CDATA[
Scenario Outline: Today is or is not Friday &amp#27;[90m# com/sapient/trg/is_it_friday_yet.feature:27&amp#27;[0m
  &amp#27;[33mGiven &amp#27;[0m&amp#27;[33mtoday is "anything else!"&amp#27;[0m           &amp#27;[90m# null&amp#27;[0m
  &amp#27;[36mWhen &amp#27;[0m&amp#27;[36mI ask whether it's Friday yet&amp#27;[0m        &amp#27;[90m# com.sapient.trg.StepDefinitions.i_ask_whether_it_s_Friday_yet()&amp#27;[0m
  &amp#27;[36mThen &amp#27;[0m&amp#27;[36mI should be told &amp#27;[0m&amp#27;[36m&amp#27;[1m"Nope"&amp#27;[0m              &amp#27;[90m# com.sapient.trg.StepDefinitions.i_should_be_told(java.lang.String)&amp#27;[0m
]]></system-out>
  </testcase>
</testsuite>